0 info it worked if it ends with ok
1 verbose cli [ '/usr/local/bin/node',
1 verbose cli   '/usr/local/bin/npm',
1 verbose cli   'install',
1 verbose cli   'pug',
1 verbose cli   '[--save]' ]
2 info using npm@3.10.10
3 info using node@v6.9.4
4 silly loadCurrentTree Starting
5 silly install loadCurrentTree
6 silly install readLocalPackageData
7 silly fetchPackageMetaData pug@^2.0.0-beta11
8 silly fetchPackageMetaData [--save]
9 silly fetchNamedPackageData pug
10 silly mapToRegistry name pug
11 silly mapToRegistry using default registry
12 silly mapToRegistry registry https://registry.npmjs.org/
13 silly mapToRegistry data Result {
13 silly mapToRegistry   raw: 'pug',
13 silly mapToRegistry   scope: null,
13 silly mapToRegistry   escapedName: 'pug',
13 silly mapToRegistry   name: 'pug',
13 silly mapToRegistry   rawSpec: '',
13 silly mapToRegistry   spec: 'latest',
13 silly mapToRegistry   type: 'tag' }
14 silly mapToRegistry uri https://registry.npmjs.org/pug
15 silly fetchOtherPackageData [--save]
16 silly cache add args [ '[--save]', null ]
17 verbose cache add spec [--save]
18 verbose request uri https://registry.npmjs.org/pug
19 verbose request no auth needed
20 info attempt registry request try #1 at 4:31:56 PM
21 verbose request id ab972d4e102978ea
22 http request GET https://registry.npmjs.org/pug
23 silly cache add parsed spec Result {
23 silly cache add   raw: '[--save]',
23 silly cache add   scope: null,
23 silly cache add   escapedName: null,
23 silly cache add   name: null,
23 silly cache add   rawSpec: '[--save]',
23 silly cache add   spec: '/Users/abubakar/Dropbox/computer Science/2406 Web applications/assignment/a4_files/[--save]',
23 silly cache add   type: 'local' }
24 error addLocal Could not install /Users/abubakar/Dropbox/computer Science/2406 Web applications/assignment/a4_files/[--save]
25 silly fetchPackageMetaData Error: ENOENT: no such file or directory, open '/Users/abubakar/Dropbox/computer Science/2406 Web applications/assignment/a4_files/[--save]'
25 silly fetchPackageMetaData     at Error (native)
25 silly fetchPackageMetaData  error for [--save] { Error: ENOENT: no such file or directory, open '/Users/abubakar/Dropbox/computer Science/2406 Web applications/assignment/a4_files/[--save]'
25 silly fetchPackageMetaData     at Error (native)
25 silly fetchPackageMetaData   errno: -2,
25 silly fetchPackageMetaData   code: 'ENOENT',
25 silly fetchPackageMetaData   syscall: 'open',
25 silly fetchPackageMetaData   path: '/Users/abubakar/Dropbox/computer Science/2406 Web applications/assignment/a4_files/[--save]' }
26 http 200 https://registry.npmjs.org/pug
27 verbose headers { server: 'nginx/1.10.1',
27 verbose headers   'content-type': 'application/json',
27 verbose headers   'last-modified': 'Mon, 27 Mar 2017 11:21:18 GMT',
27 verbose headers   etag: 'W/"58d8f5ae-c974"',
27 verbose headers   'content-encoding': 'gzip',
27 verbose headers   'cache-control': 'max-age=300',
27 verbose headers   'content-length': '8058',
27 verbose headers   'accept-ranges': 'bytes',
27 verbose headers   date: 'Tue, 28 Mar 2017 20:31:57 GMT',
27 verbose headers   via: '1.1 varnish',
27 verbose headers   age: '231',
27 verbose headers   connection: 'keep-alive',
27 verbose headers   'x-served-by': 'cache-sjc3622-SJC',
27 verbose headers   'x-cache': 'HIT',
27 verbose headers   'x-cache-hits': '1',
27 verbose headers   'x-timer': 'S1490733117.435879,VS0,VE0',
27 verbose headers   vary: 'Accept-Encoding' }
28 silly get cb [ 200,
28 silly get   { server: 'nginx/1.10.1',
28 silly get     'content-type': 'application/json',
28 silly get     'last-modified': 'Mon, 27 Mar 2017 11:21:18 GMT',
28 silly get     etag: 'W/"58d8f5ae-c974"',
28 silly get     'content-encoding': 'gzip',
28 silly get     'cache-control': 'max-age=300',
28 silly get     'content-length': '8058',
28 silly get     'accept-ranges': 'bytes',
28 silly get     date: 'Tue, 28 Mar 2017 20:31:57 GMT',
28 silly get     via: '1.1 varnish',
28 silly get     age: '231',
28 silly get     connection: 'keep-alive',
28 silly get     'x-served-by': 'cache-sjc3622-SJC',
28 silly get     'x-cache': 'HIT',
28 silly get     'x-cache-hits': '1',
28 silly get     'x-timer': 'S1490733117.435879,VS0,VE0',
28 silly get     vary: 'Accept-Encoding' } ]
29 verbose get saving pug to /Users/abubakar/.npm/registry.npmjs.org/pug/.cache.json
30 verbose correctMkdir /Users/abubakar/.npm correctMkdir not in flight; initializing
31 silly rollbackFailedOptional Starting
32 silly rollbackFailedOptional Finishing
33 silly runTopLevelLifecycles Finishing
34 silly install printInstalled
35 verbose stack Error: ENOENT: no such file or directory, open '/Users/abubakar/Dropbox/computer Science/2406 Web applications/assignment/a4_files/[--save]'
35 verbose stack     at Error (native)
36 verbose cwd /Users/abubakar/Dropbox/computer Science/2406 Web applications/assignment/a4_files
37 error Darwin 16.3.0
38 error argv "/usr/local/bin/node" "/usr/local/bin/npm" "install" "pug" "[--save]"
39 error node v6.9.4
40 error npm  v3.10.10
41 error path /Users/abubakar/Dropbox/computer Science/2406 Web applications/assignment/a4_files/[--save]
42 error code ENOENT
43 error errno -2
44 error syscall open
45 error enoent ENOENT: no such file or directory, open '/Users/abubakar/Dropbox/computer Science/2406 Web applications/assignment/a4_files/[--save]'
46 error enoent ENOENT: no such file or directory, open '/Users/abubakar/Dropbox/computer Science/2406 Web applications/assignment/a4_files/[--save]'
46 error enoent This is most likely not a problem with npm itself
46 error enoent and is related to npm not being able to find a file.
47 verbose exit [ -2, true ]
